T442C 000:000.493   SEGGER J-Link V7.94g Log File
T442C 000:000.586   DLL Compiled: Jan 24 2024 15:48:08
T442C 000:000.594   Logging started @ 2024-04-02 00:57
T442C 000:000.598   Process: C:\Users\tinhnn\.eclipse\com.renesas.platform_766387387\DebugComp\RA\e2-server-gdb.exe
T442C 000:000.625 - 0.606ms
T442C 000:000.635 JLINK_GetDLLVersion()
T442C 000:000.640 - 0.005ms returns 79407
T442C 000:001.512 JLINK_OpenEx(...)
T442C 000:008.054   Firmware: J-Link OB-RA4M2 compiled Jan 17 2024 14:57:14
T442C 000:013.168   Firmware: J-Link OB-RA4M2 compiled Jan 17 2024 14:57:14
T442C 000:030.540   Hardware: V1.00
T442C 000:030.564   S/N: 1080073098
T442C 000:030.570   OEM: SEGGER
T442C 000:030.578   Feature(s): None
T442C 000:031.812   Bootloader: 2021 May 14
T442C 000:032.598   USB speed mode: Full speed (12 MBit/s)
T442C 000:033.139   TELNET listener socket opened on port 19021
T442C 000:033.358   WEBSRV WEBSRV_Init(): Starting webserver thread(s)
T442C 000:033.801   WEBSRV Webserver running on local port 19080
T442C 000:033.967   Looking for J-Link GUI Server exe at: C:\Users\tinhnn\.eclipse\com.renesas.platform_766387387\DebugComp\RA\ARM\Segger_v7.94.7\JLinkGUIServer.exe
T442C 000:034.101   Looking for J-Link GUI Server exe at: C:\Program Files\SEGGER\JLink_V794a\JLinkGUIServer.exe
T442C 000:340.479   Failed to connect to J-Link GUI Server.
T442C 000:340.558 - 339.040ms returns "O.K."
T442C 000:340.622 JLINK_TIF_Select(JLINKARM_TIF_SWD)
T442C 000:342.038 - 1.416ms returns 0x00
T442C 000:342.054 JLINK_ClrRESET()
T442C 000:342.618 - 0.563ms
T442C 000:392.970 JLINK_SetSpeed(1500)
T442C 000:393.308 - 0.334ms
T442C 000:393.348 JLINK_CORESIGHT_Configure(PerformTIFInit=0)
T442C 000:393.895 - 0.549ms returns 0
T442C 000:393.934 JLINK_CORESIGHT_ReadAPDPReg(DP reg 0x00)
T442C 000:394.659   Value=0x6BA02477
T442C 000:394.680 - 0.746ms returns 0
T442C 000:394.698 JLINK_CORESIGHT_WriteAPDPReg(DP reg 0x00, 0x0000001F)
T442C 000:395.123 - 0.424ms returns 0
T442C 000:395.151 JLINK_CORESIGHT_ReadAPDPReg(DP reg 0x00)
T442C 000:395.826   Value=0x6BA02477
T442C 000:395.867 - 0.712ms returns 0
T442C 000:395.885 JLINK_CORESIGHT_WriteAPDPReg(DP reg 0x02, 0x00000000)
T442C 000:396.443 - 0.558ms returns 0
T442C 000:396.464 JLINK_CORESIGHT_WriteAPDPReg(DP reg 0x01, 0x50000000)
T442C 000:397.046 - 0.582ms returns 0
T442C 000:397.068 JLINK_CORESIGHT_ReadAPDPReg(DP reg 0x01)
T442C 000:397.702   Value=0xF0000040
T442C 000:397.718 - 0.649ms returns 0
T442C 000:397.731 JLINK_CORESIGHT_WriteAPDPReg(DP reg 0x00, 0x0000001F)
T442C 000:398.571 - 0.838ms returns 0
T442C 000:398.594 JLINK_CORESIGHT_ReadAPDPReg(DP reg 0x00)
T442C 000:398.853   Value=0x6BA02477
T442C 000:398.917 - 0.312ms returns 0
T442C 000:398.952 JLINK_CORESIGHT_WriteAPDPReg(DP reg 0x01, 0x54000000)
T442C 000:399.314 - 0.361ms returns 0
T442C 000:399.393 JLINK_CORESIGHT_WriteAPDPReg(DP reg 0x01, 0x50000F00)
T442C 000:399.961 - 0.567ms returns 0
T442C 000:399.987 JLINK_CORESIGHT_WriteAPDPReg(DP reg 0x02, 0x01000000)
T442C 000:400.582 - 0.594ms returns 0
T442C 000:400.598 JLINK_CORESIGHT_WriteAPDPReg(AP reg 0x00, 0x80000002)
T442C 000:401.099 - 0.500ms returns 0
T442C 000:401.116 JLINK_CORESIGHT_WriteAPDPReg(AP reg 0x01, 0x80011100)
T442C 000:401.656 - 0.539ms returns 0
T442C 000:401.673 JLINK_CORESIGHT_WriteAPDPReg(AP reg 0x03, 0x000000A5)
T442C 000:402.169 - 0.496ms returns 0
T442C 000:402.187 JLINK_CORESIGHT_WriteAPDPReg(AP reg 0x00, 0x80000002)
T442C 000:402.732 - 0.545ms returns 0
T442C 000:402.749 JLINK_CORESIGHT_WriteAPDPReg(AP reg 0x01, 0x80011100)
T442C 000:403.334 - 0.584ms returns 0
T442C 000:403.350 JLINK_CORESIGHT_ReadAPDPReg(AP reg 0x03)
T442C 000:403.887   Value=0x000000A5
T442C 000:403.900 - 0.549ms returns 0
T442C 000:403.919 JLINK_ClrTMS()
T442C 000:404.053 - 0.133ms
T442C 000:410.178 JLINK_SetTCK()
T442C 000:410.416 - 0.236ms returns 0
T442C 000:416.440 JLINK_SetRESET()
T442C 000:416.745 - 0.304ms
T442C 000:616.974 JLINK_CORESIGHT_WriteAPDPReg(AP reg 0x00, 0x80000002)
T442C 000:617.422 - 0.448ms returns 0
T442C 000:617.475 JLINK_CORESIGHT_WriteAPDPReg(AP reg 0x01, 0x80011100)
T442C 000:617.970 - 0.494ms returns 0
T442C 000:617.986 JLINK_CORESIGHT_ReadAPDPReg(AP reg 0x03)
T442C 000:618.564   Value=0x00000000
T442C 000:618.578 - 0.592ms returns 0
T442C 000:618.589 JLINK_CORESIGHT_WriteAPDPReg(AP reg 0x00, 0x80000002)
T442C 000:619.086 - 0.496ms returns 0
T442C 000:619.101 JLINK_CORESIGHT_WriteAPDPReg(AP reg 0x01, 0x80011140)
T442C 000:619.588 - 0.486ms returns 0
T442C 000:619.603 JLINK_CORESIGHT_ReadAPDPReg(AP reg 0x03)
T442C 000:620.179   Value=0x00000002
T442C 000:620.193 - 0.589ms returns 0
T442C 000:620.202 JLINK_CORESIGHT_WriteAPDPReg(AP reg 0x00, 0x80000002)
T442C 000:620.681 - 0.479ms returns 0
T442C 000:620.696 JLINK_CORESIGHT_WriteAPDPReg(AP reg 0x01, 0x80011120)
T442C 000:621.182 - 0.486ms returns 0
T442C 000:621.197 JLINK_CORESIGHT_WriteAPDPReg(AP reg 0x03, 0x00000055)
T442C 000:621.685 - 0.487ms returns 0
T442C 000:621.699 JLINK_CORESIGHT_WriteAPDPReg(AP reg 0x00, 0x80000002)
T442C 000:622.183 - 0.482ms returns 0
T442C 000:622.197 JLINK_CORESIGHT_WriteAPDPReg(AP reg 0x01, 0x80011140)
T442C 000:622.681 - 0.483ms returns 0
T442C 000:622.695 JLINK_CORESIGHT_ReadAPDPReg(AP reg 0x03)
T442C 000:623.345   Value=0x00000000
T442C 000:623.359 - 0.663ms returns 0
T442C 000:623.367 JLINK_CORESIGHT_WriteAPDPReg(AP reg 0x00, 0x80000002)
T442C 000:623.844 - 0.476ms returns 0
T442C 000:623.936 JLINK_CORESIGHT_WriteAPDPReg(AP reg 0x01, 0x80011130)
T442C 000:624.408 - 0.471ms returns 0
T442C 000:624.499 JLINK_CORESIGHT_ReadAPDPReg(AP reg 0x03)
T442C 000:625.166   Value=0x000000C6
T442C 000:625.257 - 0.757ms returns 0
T442C 000:625.269 JLINK_CORESIGHT_WriteAPDPReg(AP reg 0x00, 0x80000002)
T442C 000:625.909 - 0.639ms returns 0
T442C 000:625.924 JLINK_CORESIGHT_WriteAPDPReg(AP reg 0x01, 0x80011140)
T442C 000:628.143 - 2.219ms returns 0
T442C 000:628.159 JLINK_CORESIGHT_ReadAPDPReg(AP reg 0x03)
T442C 000:628.735   Value=0x00000002
T442C 000:628.798 - 0.627ms returns 0
T442C 000:628.817 JLINK_CORESIGHT_WriteAPDPReg(AP reg 0x00, 0x80000002)
T442C 000:629.146 - 0.328ms returns 0
T442C 000:629.164 JLINK_CORESIGHT_WriteAPDPReg(AP reg 0x01, 0x80011120)
T442C 000:631.348 - 2.183ms returns 0
T442C 000:631.387 JLINK_CORESIGHT_WriteAPDPReg(AP reg 0x03, 0x3A010001)
T442C 000:631.740 - 0.353ms returns 0
T442C 000:631.755 JLINK_CORESIGHT_WriteAPDPReg(AP reg 0x00, 0x80000002)
T442C 000:632.284 - 0.528ms returns 0
T442C 000:632.297 JLINK_CORESIGHT_WriteAPDPReg(AP reg 0x01, 0x80011140)
T442C 000:632.824 - 0.526ms returns 0
T442C 000:632.837 JLINK_CORESIGHT_ReadAPDPReg(AP reg 0x03)
T442C 000:633.443   Value=0x00000002
T442C 000:633.455 - 0.617ms returns 0
T442C 000:633.463 JLINK_CORESIGHT_WriteAPDPReg(AP reg 0x00, 0x80000002)
T442C 000:633.974 - 0.511ms returns 0
T442C 000:633.986 JLINK_CORESIGHT_WriteAPDPReg(AP reg 0x01, 0x80011120)
T442C 000:634.487 - 0.499ms returns 0
T442C 000:634.499 JLINK_CORESIGHT_WriteAPDPReg(AP reg 0x03, 0x000003C5)
T442C 000:634.988 - 0.488ms returns 0
T442C 000:635.000 JLINK_CORESIGHT_WriteAPDPReg(AP reg 0x00, 0x80000002)
T442C 000:635.568 - 0.567ms returns 0
T442C 000:635.580 JLINK_CORESIGHT_WriteAPDPReg(AP reg 0x01, 0x80011140)
T442C 000:636.080 - 0.499ms returns 0
T442C 000:636.138 JLINK_CORESIGHT_ReadAPDPReg(AP reg 0x03)
T442C 000:636.717   Value=0x00000002
T442C 000:636.730 - 0.591ms returns 0
T442C 000:636.737 JLINK_CORESIGHT_ReadAPDPReg(AP reg 0x03)
T442C 000:637.302   Value=0x00000000
T442C 000:637.315 - 0.577ms returns 0
T442C 000:637.322 JLINK_CORESIGHT_WriteAPDPReg(AP reg 0x00, 0x80000002)
T442C 000:637.771 - 0.448ms returns 0
T442C 000:637.856 JLINK_CORESIGHT_WriteAPDPReg(AP reg 0x01, 0x80011130)
T442C 000:638.400 - 0.543ms returns 0
T442C 000:638.412 JLINK_CORESIGHT_ReadAPDPReg(AP reg 0x03)
T442C 000:638.999   Value=0x3A2A0081
T442C 000:639.011 - 0.598ms returns 0
T442C 000:639.018 JLINK_CORESIGHT_WriteAPDPReg(AP reg 0x00, 0x80000002)
T442C 000:639.655 - 0.637ms returns 0
T442C 000:639.672 JLINK_CORESIGHT_WriteAPDPReg(AP reg 0x01, 0x80011140)
T442C 000:640.216 - 0.543ms returns 0
T442C 000:640.234 JLINK_CORESIGHT_ReadAPDPReg(AP reg 0x03)
T442C 000:640.868   Value=0x00000000
T442C 000:640.880 - 0.645ms returns 0
T442C 000:640.891 JLINK_CORESIGHT_WriteAPDPReg(AP reg 0x00, 0x80000002)
T442C 000:641.514 - 0.622ms returns 0
T442C 000:641.530 JLINK_CORESIGHT_WriteAPDPReg(AP reg 0x01, 0x80011130)
T442C 000:642.153 - 0.623ms returns 0
T442C 000:642.169 JLINK_CORESIGHT_ReadAPDPReg(AP reg 0x03)
T442C 000:642.890   Value=0x808D5B00
T442C 000:642.902 - 0.732ms returns 0
T442C 000:642.914 JLINK_CORESIGHT_WriteAPDPReg(AP reg 0x00, 0x80000002)
T442C 000:643.569 - 0.654ms returns 0
T442C 000:643.586 JLINK_CORESIGHT_WriteAPDPReg(AP reg 0x01, 0x80011140)
T442C 000:644.287 - 0.701ms returns 0
T442C 000:644.304 JLINK_CORESIGHT_ReadAPDPReg(AP reg 0x03)
T442C 000:644.943   Value=0x00000000
T442C 000:644.958 - 0.653ms returns 0
T442C 000:644.970 JLINK_CORESIGHT_WriteAPDPReg(AP reg 0x00, 0x80000002)
T442C 000:647.056 - 2.085ms returns 0
T442C 000:647.079 JLINK_CORESIGHT_WriteAPDPReg(AP reg 0x01, 0x80011130)
T442C 000:647.360 - 0.280ms returns 0
T442C 000:647.402 JLINK_CORESIGHT_ReadAPDPReg(AP reg 0x03)
T442C 000:647.786   Value=0x0603030B
T442C 000:647.800 - 0.397ms returns 0
T442C 000:647.812 JLINK_CORESIGHT_WriteAPDPReg(AP reg 0x00, 0x80000002)
T442C 000:649.589 - 1.776ms returns 0
T442C 000:649.646 JLINK_CORESIGHT_WriteAPDPReg(AP reg 0x01, 0x80011140)
T442C 000:650.408 - 0.760ms returns 0
T442C 000:650.444 JLINK_CORESIGHT_ReadAPDPReg(AP reg 0x03)
T442C 000:650.979   Value=0x00000000
T442C 000:650.992 - 0.548ms returns 0
T442C 000:651.002 JLINK_CORESIGHT_WriteAPDPReg(AP reg 0x00, 0x80000002)
T442C 000:652.979 - 1.976ms returns 0
T442C 000:652.996 JLINK_CORESIGHT_WriteAPDPReg(AP reg 0x01, 0x80011130)
T442C 000:653.441 - 0.444ms returns 0
T442C 000:653.457 JLINK_CORESIGHT_ReadAPDPReg(AP reg 0x03)
T442C 000:654.009   Value=0x2E4B4E20
T442C 000:654.023 - 0.565ms returns 0
T442C 000:654.034 JLINK_CORESIGHT_WriteAPDPReg(AP reg 0x00, 0x80000002)
T442C 000:654.504 - 0.469ms returns 0
T442C 000:654.521 JLINK_CORESIGHT_WriteAPDPReg(AP reg 0x01, 0x80011140)
T442C 000:655.126 - 0.604ms returns 0
T442C 000:655.143 JLINK_CORESIGHT_ReadAPDPReg(AP reg 0x03)
T442C 000:655.706   Value=0x00000000
T442C 000:655.837 - 0.694ms returns 0
T442C 000:655.848 JLINK_CORESIGHT_WriteAPDPReg(AP reg 0x00, 0x80000002)
T442C 000:656.338 - 0.490ms returns 0
T442C 000:656.413 JLINK_CORESIGHT_WriteAPDPReg(AP reg 0x01, 0x80011130)
T442C 000:656.818 - 0.404ms returns 0
T442C 000:656.832 JLINK_CORESIGHT_ReadAPDPReg(AP reg 0x03)
T442C 000:657.388   Value=0x4E86D392
T442C 000:657.402 - 0.569ms returns 0
T442C 000:657.413 JLINK_CORESIGHT_WriteAPDPReg(AP reg 0x00, 0x80000002)
T442C 000:657.848 - 0.434ms returns 0
T442C 000:657.880 JLINK_CORESIGHT_WriteAPDPReg(AP reg 0x01, 0x80011140)
T442C 000:658.642 - 0.762ms returns 0
T442C 000:658.668 JLINK_CORESIGHT_ReadAPDPReg(AP reg 0x03)
T442C 000:659.113   Value=0x00000000
T442C 000:659.145 - 0.476ms returns 0
T442C 000:659.183 JLINK_CORESIGHT_WriteAPDPReg(AP reg 0x00, 0x80000002)
T442C 000:659.559 - 0.376ms returns 0
T442C 000:659.576 JLINK_CORESIGHT_WriteAPDPReg(AP reg 0x01, 0x80011130)
T442C 000:659.887 - 0.310ms returns 0
T442C 000:659.905 JLINK_CORESIGHT_ReadAPDPReg(AP reg 0x03)
T442C 000:660.624   Value=0x34503036
T442C 000:660.642 - 0.736ms returns 0
T442C 000:660.652 JLINK_CORESIGHT_WriteAPDPReg(AP reg 0x00, 0x80000002)
T442C 000:661.274 - 0.622ms returns 0
T442C 000:661.291 JLINK_CORESIGHT_WriteAPDPReg(AP reg 0x01, 0x80011140)
T442C 000:663.360 - 2.068ms returns 0
T442C 000:663.381 JLINK_CORESIGHT_ReadAPDPReg(AP reg 0x03)
T442C 000:663.767   Value=0x00000000
T442C 000:663.782 - 0.401ms returns 0
T442C 000:663.794 JLINK_CORESIGHT_WriteAPDPReg(AP reg 0x00, 0x80000002)
T442C 000:664.090 - 0.296ms returns 0
T442C 000:664.107 JLINK_CORESIGHT_WriteAPDPReg(AP reg 0x01, 0x80011130)
T442C 000:664.387 - 0.271ms returns 0
T442C 000:664.436 JLINK_CORESIGHT_ReadAPDPReg(AP reg 0x03)
T442C 000:664.887   Value=0x76142D36
T442C 000:664.908 - 0.471ms returns 0
T442C 000:664.918 JLINK_CORESIGHT_WriteAPDPReg(AP reg 0x00, 0x80000002)
T442C 000:665.254 - 0.335ms returns 0
T442C 000:665.273 JLINK_CORESIGHT_WriteAPDPReg(AP reg 0x01, 0x80011140)
T442C 000:665.585 - 0.311ms returns 0
T442C 000:665.601 JLINK_CORESIGHT_ReadAPDPReg(AP reg 0x03)
T442C 000:666.279   Value=0x00000000
T442C 000:666.291 - 0.689ms returns 0
T442C 000:666.304 JLINK_CORESIGHT_WriteAPDPReg(AP reg 0x00, 0x80000002)
T442C 000:666.826 - 0.521ms returns 0
T442C 000:666.842 JLINK_CORESIGHT_WriteAPDPReg(AP reg 0x01, 0x80011130)
T442C 000:667.378 - 0.536ms returns 0
T442C 000:667.393 JLINK_CORESIGHT_ReadAPDPReg(AP reg 0x03)
T442C 000:667.964   Value=0x46375261
T442C 000:667.979 - 0.586ms returns 0
T442C 000:668.056 JLINK_CORESIGHT_WriteAPDPReg(AP reg 0x00, 0x80000002)
T442C 000:668.577 - 0.520ms returns 0
T442C 000:668.593 JLINK_CORESIGHT_WriteAPDPReg(AP reg 0x01, 0x80011140)
T442C 000:669.074 - 0.481ms returns 0
T442C 000:669.093 JLINK_CORESIGHT_ReadAPDPReg(AP reg 0x03)
T442C 000:669.475   Value=0x00000000
T442C 000:669.487 - 0.393ms returns 0
T442C 000:669.498 JLINK_CORESIGHT_WriteAPDPReg(AP reg 0x00, 0x80000002)
T442C 000:669.901 - 0.403ms returns 0
T442C 000:669.916 JLINK_CORESIGHT_WriteAPDPReg(AP reg 0x01, 0x80011130)
T442C 000:670.367 - 0.451ms returns 0
T442C 000:670.382 JLINK_CORESIGHT_ReadAPDPReg(AP reg 0x03)
T442C 000:670.818   Value=0x314D3841
T442C 000:670.830 - 0.447ms returns 0
T442C 000:670.840 JLINK_CORESIGHT_WriteAPDPReg(AP reg 0x00, 0x80000002)
T442C 000:671.284 - 0.444ms returns 0
T442C 000:671.302 JLINK_CORESIGHT_WriteAPDPReg(AP reg 0x01, 0x80011140)
T442C 000:671.716 - 0.413ms returns 0
T442C 000:671.731 JLINK_CORESIGHT_ReadAPDPReg(AP reg 0x03)
T442C 000:672.184   Value=0x00000000
T442C 000:672.198 - 0.466ms returns 0
T442C 000:672.209 JLINK_CORESIGHT_WriteAPDPReg(AP reg 0x00, 0x80000002)
T442C 000:672.527 - 0.317ms returns 0
T442C 000:672.543 JLINK_CORESIGHT_WriteAPDPReg(AP reg 0x01, 0x80011130)
T442C 000:672.927 - 0.383ms returns 0
T442C 000:672.953 JLINK_CORESIGHT_ReadAPDPReg(AP reg 0x03)
T442C 000:673.432   Value=0x43454841
T442C 000:673.443 - 0.490ms returns 0
T442C 000:673.453 JLINK_CORESIGHT_WriteAPDPReg(AP reg 0x00, 0x80000002)
T442C 000:673.923 - 0.469ms returns 0
T442C 000:673.941 JLINK_CORESIGHT_WriteAPDPReg(AP reg 0x01, 0x80011140)
T442C 000:674.285 - 0.343ms returns 0
T442C 000:674.302 JLINK_CORESIGHT_ReadAPDPReg(AP reg 0x03)
T442C 000:674.845   Value=0x00000000
T442C 000:674.859 - 0.556ms returns 0
T442C 000:674.869 JLINK_CORESIGHT_WriteAPDPReg(AP reg 0x00, 0x80000002)
T442C 000:675.287 - 0.418ms returns 0
T442C 000:675.304 JLINK_CORESIGHT_WriteAPDPReg(AP reg 0x01, 0x80011130)
T442C 000:675.745 - 0.441ms returns 0
T442C 000:675.761 JLINK_CORESIGHT_ReadAPDPReg(AP reg 0x03)
T442C 000:676.363   Value=0x20204442
T442C 000:676.375 - 0.614ms returns 0
T442C 000:676.389 JLINK_CORESIGHT_WriteAPDPReg(AP reg 0x00, 0x80000002)
T442C 000:676.937 - 0.548ms returns 0
T442C 000:676.957 JLINK_CORESIGHT_WriteAPDPReg(AP reg 0x01, 0x80011140)
T442C 000:677.338 - 0.381ms returns 0
T442C 000:677.356 JLINK_CORESIGHT_ReadAPDPReg(AP reg 0x03)
T442C 000:677.860   Value=0x00000000
T442C 000:677.873 - 0.516ms returns 0
T442C 000:677.888 JLINK_CORESIGHT_WriteAPDPReg(AP reg 0x00, 0x80000002)
T442C 000:678.407 - 0.517ms returns 0
T442C 000:678.426 JLINK_CORESIGHT_WriteAPDPReg(AP reg 0x01, 0x80011130)
T442C 000:678.740 - 0.313ms returns 0
T442C 000:678.801 JLINK_CORESIGHT_ReadAPDPReg(AP reg 0x03)
T442C 000:679.392   Value=0x00030820
T442C 000:679.460 - 0.649ms returns 0
T442C 000:680.104 JLINK_CORESIGHT_WriteAPDPReg(AP reg 0x00, 0x80000002)
T442C 000:680.595 - 0.491ms returns 0
T442C 000:680.608 JLINK_CORESIGHT_WriteAPDPReg(AP reg 0x01, 0x80011140)
T442C 000:681.013 - 0.405ms returns 0
T442C 000:681.025 JLINK_CORESIGHT_ReadAPDPReg(AP reg 0x03)
T442C 000:681.453   Value=0x00000002
T442C 000:681.464 - 0.438ms returns 0
T442C 000:681.473 JLINK_CORESIGHT_WriteAPDPReg(AP reg 0x00, 0x80000002)
T442C 000:681.929 - 0.455ms returns 0
T442C 000:681.942 JLINK_CORESIGHT_WriteAPDPReg(AP reg 0x01, 0x80011120)
T442C 000:682.367 - 0.424ms returns 0
T442C 000:682.379 JLINK_CORESIGHT_WriteAPDPReg(AP reg 0x03, 0x2C010001)
T442C 000:682.783 - 0.402ms returns 0
T442C 000:682.795 JLINK_CORESIGHT_WriteAPDPReg(AP reg 0x00, 0x80000002)
T442C 000:683.273 - 0.478ms returns 0
T442C 000:683.285 JLINK_CORESIGHT_WriteAPDPReg(AP reg 0x01, 0x80011140)
T442C 000:683.805 - 0.519ms returns 0
T442C 000:683.823 JLINK_CORESIGHT_ReadAPDPReg(AP reg 0x03)
T442C 000:684.300   Value=0x00000002
T442C 000:684.311 - 0.490ms returns 0
T442C 000:684.318 JLINK_CORESIGHT_WriteAPDPReg(AP reg 0x00, 0x80000002)
T442C 000:684.735 - 0.417ms returns 0
T442C 000:684.749 JLINK_CORESIGHT_WriteAPDPReg(AP reg 0x01, 0x80011120)
T442C 000:685.240 - 0.475ms returns 0
T442C 000:685.255 JLINK_CORESIGHT_WriteAPDPReg(AP reg 0x03, 0x000003D3)
T442C 000:687.018 - 1.762ms returns 0
T442C 000:687.036 JLINK_CORESIGHT_WriteAPDPReg(AP reg 0x00, 0x80000002)
T442C 000:687.518 - 0.482ms returns 0
T442C 000:687.530 JLINK_CORESIGHT_WriteAPDPReg(AP reg 0x01, 0x80011140)
T442C 000:687.916 - 0.386ms returns 0
T442C 000:687.931 JLINK_CORESIGHT_ReadAPDPReg(AP reg 0x03)
T442C 000:688.371   Value=0x00000002
T442C 000:688.382 - 0.450ms returns 0
T442C 000:688.388 JLINK_CORESIGHT_ReadAPDPReg(AP reg 0x03)
T442C 000:688.824   Value=0x00000000
T442C 000:688.837 - 0.448ms returns 0
T442C 000:688.844 JLINK_CORESIGHT_WriteAPDPReg(AP reg 0x00, 0x80000002)
T442C 000:689.181 - 0.336ms returns 0
T442C 000:689.192 JLINK_CORESIGHT_WriteAPDPReg(AP reg 0x01, 0x80011130)
T442C 000:689.615 - 0.423ms returns 0
T442C 000:689.630 JLINK_CORESIGHT_ReadAPDPReg(AP reg 0x03)
T442C 000:689.980   Value=0x2C020081
T442C 000:689.991 - 0.361ms returns 0
T442C 000:689.997 JLINK_CORESIGHT_WriteAPDPReg(AP reg 0x00, 0x80000002)
T442C 000:690.370 - 0.372ms returns 0
T442C 000:690.382 JLINK_CORESIGHT_WriteAPDPReg(AP reg 0x01, 0x80011140)
T442C 000:690.796 - 0.414ms returns 0
T442C 000:690.809 JLINK_CORESIGHT_ReadAPDPReg(AP reg 0x03)
T442C 000:691.273   Value=0x00000000
T442C 000:691.284 - 0.474ms returns 0
T442C 000:691.290 JLINK_CORESIGHT_WriteAPDPReg(AP reg 0x00, 0x80000002)
T442C 000:691.749 - 0.458ms returns 0
T442C 000:691.761 JLINK_CORESIGHT_WriteAPDPReg(AP reg 0x01, 0x80011130)
T442C 000:692.164 - 0.402ms returns 0
T442C 000:692.175 JLINK_CORESIGHT_ReadAPDPReg(AP reg 0x03)
T442C 000:692.645   Value=0x0003CE04
T442C 000:692.656 - 0.480ms returns 0
T442C 000:692.668 JLINK_CORESIGHT_WriteAPDPReg(AP reg 0x00, 0x80000002)
T442C 000:693.006 - 0.337ms returns 0
T442C 000:693.061 JLINK_CORESIGHT_WriteAPDPReg(AP reg 0x01, 0x80011140)
T442C 000:693.434 - 0.373ms returns 0
T442C 000:693.447 JLINK_CORESIGHT_ReadAPDPReg(AP reg 0x03)
T442C 000:693.939   Value=0x00000002
T442C 000:693.951 - 0.503ms returns 0
T442C 000:693.959 JLINK_CORESIGHT_WriteAPDPReg(AP reg 0x00, 0x80000002)
T442C 000:694.386 - 0.426ms returns 0
T442C 000:694.441 JLINK_CORESIGHT_WriteAPDPReg(AP reg 0x01, 0x80011120)
T442C 000:694.865 - 0.423ms returns 0
T442C 000:694.879 JLINK_CORESIGHT_WriteAPDPReg(AP reg 0x03, 0x73010001)
T442C 000:695.277 - 0.398ms returns 0
T442C 000:695.293 JLINK_CORESIGHT_WriteAPDPReg(AP reg 0x00, 0x80000002)
T442C 000:695.775 - 0.482ms returns 0
T442C 000:695.791 JLINK_CORESIGHT_WriteAPDPReg(AP reg 0x01, 0x80011140)
T442C 000:696.211 - 0.418ms returns 0
T442C 000:696.233 JLINK_CORESIGHT_ReadAPDPReg(AP reg 0x03)
T442C 000:696.691   Value=0x00000002
T442C 000:696.704 - 0.470ms returns 0
T442C 000:696.711 JLINK_CORESIGHT_WriteAPDPReg(AP reg 0x00, 0x80000002)
T442C 000:697.171 - 0.459ms returns 0
T442C 000:697.182 JLINK_CORESIGHT_WriteAPDPReg(AP reg 0x01, 0x80011120)
T442C 000:697.607 - 0.424ms returns 0
T442C 000:697.619 JLINK_CORESIGHT_WriteAPDPReg(AP reg 0x03, 0x0000038C)
T442C 000:698.029 - 0.388ms returns 0
T442C 000:698.080 JLINK_CORESIGHT_WriteAPDPReg(AP reg 0x00, 0x80000002)
T442C 000:698.567 - 0.486ms returns 0
T442C 000:698.584 JLINK_CORESIGHT_WriteAPDPReg(AP reg 0x01, 0x80011140)
T442C 000:699.131 - 0.546ms returns 0
T442C 000:699.148 JLINK_CORESIGHT_ReadAPDPReg(AP reg 0x03)
T442C 000:699.676   Value=0x00000002
T442C 000:699.689 - 0.540ms returns 0
T442C 000:699.696 JLINK_CORESIGHT_ReadAPDPReg(AP reg 0x03)
T442C 000:700.146   Value=0x00000002
T442C 000:700.158 - 0.461ms returns 0
T442C 000:700.165 JLINK_CORESIGHT_ReadAPDPReg(AP reg 0x03)
T442C 000:700.608   Value=0x00000002
T442C 000:700.620 - 0.454ms returns 0
T442C 000:700.627 JLINK_CORESIGHT_ReadAPDPReg(AP reg 0x03)
T442C 000:702.748   Value=0x00000002
T442C 000:702.762 - 2.135ms returns 0
T442C 000:702.773 JLINK_CORESIGHT_ReadAPDPReg(AP reg 0x03)
T442C 000:703.399   Value=0x00000000
T442C 000:703.482 - 0.708ms returns 0
T442C 000:703.489 JLINK_CORESIGHT_WriteAPDPReg(AP reg 0x00, 0x80000002)
T442C 000:705.729 - 2.221ms returns 0
T442C 000:705.763 JLINK_CORESIGHT_WriteAPDPReg(AP reg 0x01, 0x80011130)
T442C 000:706.346 - 0.582ms returns 0
T442C 000:706.367 JLINK_CORESIGHT_ReadAPDPReg(AP reg 0x03)
T442C 000:706.908   Value=0x73020081
T442C 000:706.919 - 0.552ms returns 0
T442C 000:706.930 JLINK_CORESIGHT_WriteAPDPReg(AP reg 0x00, 0x80000002)
T442C 000:707.563 - 0.632ms returns 0
T442C 000:707.580 JLINK_CORESIGHT_WriteAPDPReg(AP reg 0x01, 0x80011140)
T442C 000:708.134 - 0.553ms returns 0
T442C 000:708.149 JLINK_CORESIGHT_ReadAPDPReg(AP reg 0x03)
T442C 000:708.720   Value=0x00000000
T442C 000:708.736 - 0.586ms returns 0
T442C 000:708.749 JLINK_CORESIGHT_WriteAPDPReg(AP reg 0x00, 0x80000002)
T442C 000:709.227 - 0.477ms returns 0
T442C 000:709.244 JLINK_CORESIGHT_WriteAPDPReg(AP reg 0x01, 0x80011130)
T442C 000:709.816 - 0.571ms returns 0
T442C 000:709.834 JLINK_CORESIGHT_ReadAPDPReg(AP reg 0x03)
T442C 000:710.323   Value=0x00038902
T442C 000:710.335 - 0.501ms returns 0
T442C 000:710.349 JLINK_CORESIGHT_WriteAPDPReg(AP reg 0x00, 0x80000002)
T442C 000:710.817 - 0.467ms returns 0
T442C 000:710.833 JLINK_CORESIGHT_WriteAPDPReg(AP reg 0x01, 0x80011140)
T442C 000:711.307 - 0.473ms returns 0
T442C 000:711.324 JLINK_CORESIGHT_ReadAPDPReg(AP reg 0x03)
T442C 000:711.854   Value=0x00000002
T442C 000:711.866 - 0.541ms returns 0
T442C 000:711.877 JLINK_CORESIGHT_WriteAPDPReg(AP reg 0x00, 0x80000002)
T442C 000:712.365 - 0.487ms returns 0
T442C 000:712.394 JLINK_CORESIGHT_WriteAPDPReg(AP reg 0x01, 0x80011120)
T442C 000:712.750 - 0.355ms returns 0
T442C 000:712.766 JLINK_CORESIGHT_WriteAPDPReg(AP reg 0x03, 0x75010001)
T442C 000:713.083 - 0.316ms returns 0
T442C 000:713.104 JLINK_CORESIGHT_WriteAPDPReg(AP reg 0x00, 0x80000002)
T442C 000:713.479 - 0.374ms returns 0
T442C 000:713.511 JLINK_CORESIGHT_WriteAPDPReg(AP reg 0x01, 0x80011140)
T442C 000:713.956 - 0.444ms returns 0
T442C 000:713.972 JLINK_CORESIGHT_ReadAPDPReg(AP reg 0x03)
T442C 000:714.510   Value=0x00000002
T442C 000:714.523 - 0.550ms returns 0
T442C 000:714.533 JLINK_CORESIGHT_WriteAPDPReg(AP reg 0x00, 0x80000002)
T442C 000:715.047 - 0.513ms returns 0
T442C 000:715.061 JLINK_CORESIGHT_WriteAPDPReg(AP reg 0x01, 0x80011120)
T442C 000:715.595 - 0.533ms returns 0
T442C 000:715.609 JLINK_CORESIGHT_WriteAPDPReg(AP reg 0x03, 0x0000038A)
T442C 000:716.095 - 0.485ms returns 0
T442C 000:716.109 JLINK_CORESIGHT_WriteAPDPReg(AP reg 0x00, 0x80000002)
T442C 000:716.606 - 0.496ms returns 0
T442C 000:716.620 JLINK_CORESIGHT_WriteAPDPReg(AP reg 0x01, 0x80011140)
T442C 000:717.109 - 0.489ms returns 0
T442C 000:717.124 JLINK_CORESIGHT_ReadAPDPReg(AP reg 0x03)
T442C 000:717.655   Value=0x00000002
T442C 000:717.666 - 0.541ms returns 0
T442C 000:717.675 JLINK_CORESIGHT_ReadAPDPReg(AP reg 0x03)
T442C 000:718.191   Value=0x00000002
T442C 000:718.202 - 0.526ms returns 0
T442C 000:718.212 JLINK_CORESIGHT_ReadAPDPReg(AP reg 0x03)
T442C 000:718.724   Value=0x00000002
T442C 000:718.735 - 0.523ms returns 0
T442C 000:718.745 JLINK_CORESIGHT_ReadAPDPReg(AP reg 0x03)
T442C 000:719.257   Value=0x00000002
T442C 000:719.268 - 0.523ms returns 0
T442C 000:719.278 JLINK_CORESIGHT_ReadAPDPReg(AP reg 0x03)
T442C 000:719.797   Value=0x00000000
T442C 000:719.864 - 0.586ms returns 0
T442C 000:719.874 JLINK_CORESIGHT_WriteAPDPReg(AP reg 0x00, 0x80000002)
T442C 000:720.409 - 0.534ms returns 0
T442C 000:720.423 JLINK_CORESIGHT_WriteAPDPReg(AP reg 0x01, 0x80011130)
T442C 000:720.907 - 0.483ms returns 0
T442C 000:720.922 JLINK_CORESIGHT_ReadAPDPReg(AP reg 0x03)
T442C 000:721.463   Value=0x75020081
T442C 000:721.475 - 0.553ms returns 0
T442C 000:721.486 JLINK_CORESIGHT_WriteAPDPReg(AP reg 0x00, 0x80000002)
T442C 000:721.980 - 0.493ms returns 0
T442C 000:721.994 JLINK_CORESIGHT_WriteAPDPReg(AP reg 0x01, 0x80011140)
T442C 000:722.517 - 0.522ms returns 0
T442C 000:722.531 JLINK_CORESIGHT_ReadAPDPReg(AP reg 0x03)
T442C 000:723.041   Value=0x00000000
T442C 000:723.053 - 0.521ms returns 0
T442C 000:723.064 JLINK_CORESIGHT_WriteAPDPReg(AP reg 0x00, 0x80000002)
T442C 000:723.363 - 0.298ms returns 0
T442C 000:723.379 JLINK_CORESIGHT_WriteAPDPReg(AP reg 0x01, 0x80011130)
T442C 000:723.662 - 0.282ms returns 0
T442C 000:723.678 JLINK_CORESIGHT_ReadAPDPReg(AP reg 0x03)
T442C 000:724.044   Value=0x00038702
T442C 000:724.056 - 0.378ms returns 0
T442C 000:724.086 JLINK_CORESIGHT_WriteAPDPReg(AP reg 0x00, 0x80000002)
T442C 000:724.359 - 0.273ms returns 0
T442C 000:724.376 JLINK_CORESIGHT_WriteAPDPReg(AP reg 0x01, 0x80011140)
T442C 000:724.622 - 0.246ms returns 0
T442C 000:724.641 JLINK_CORESIGHT_ReadAPDPReg(AP reg 0x03)
T442C 000:724.913   Value=0x00000002
T442C 000:724.921 - 0.279ms returns 0
T442C 000:724.929 JLINK_CORESIGHT_WriteAPDPReg(AP reg 0x00, 0x80000002)
T442C 000:725.248 - 0.318ms returns 0
T442C 000:725.266 JLINK_CORESIGHT_WriteAPDPReg(AP reg 0x01, 0x80011120)
T442C 000:725.562 - 0.296ms returns 0
T442C 000:725.584 JLINK_CORESIGHT_WriteAPDPReg(AP reg 0x03, 0x4F010001)
T442C 000:725.859 - 0.274ms returns 0
T442C 000:725.881 JLINK_CORESIGHT_WriteAPDPReg(AP reg 0x00, 0x80000002)
T442C 000:726.158 - 0.276ms returns 0
T442C 000:726.176 JLINK_CORESIGHT_WriteAPDPReg(AP reg 0x01, 0x80011140)
T442C 000:726.479 - 0.302ms returns 0
T442C 000:726.495 JLINK_CORESIGHT_ReadAPDPReg(AP reg 0x03)
T442C 000:726.828   Value=0x00000002
T442C 000:726.840 - 0.344ms returns 0
T442C 000:726.851 JLINK_CORESIGHT_WriteAPDPReg(AP reg 0x00, 0x80000002)
T442C 000:727.118 - 0.266ms returns 0
T442C 000:727.134 JLINK_CORESIGHT_WriteAPDPReg(AP reg 0x01, 0x80011120)
T442C 000:727.400 - 0.266ms returns 0
T442C 000:727.417 JLINK_CORESIGHT_WriteAPDPReg(AP reg 0x03, 0x000003B0)
T442C 000:727.693 - 0.275ms returns 0
T442C 000:727.709 JLINK_CORESIGHT_WriteAPDPReg(AP reg 0x00, 0x80000002)
T442C 000:727.972 - 0.263ms returns 0
T442C 000:727.989 JLINK_CORESIGHT_WriteAPDPReg(AP reg 0x01, 0x80011140)
T442C 000:728.273 - 0.283ms returns 0
T442C 000:728.289 JLINK_CORESIGHT_ReadAPDPReg(AP reg 0x03)
T442C 000:728.582   Value=0x00000002
T442C 000:728.594 - 0.304ms returns 0
T442C 000:728.605 JLINK_CORESIGHT_ReadAPDPReg(AP reg 0x03)
T442C 000:728.954   Value=0x00000002
T442C 000:728.973 - 0.368ms returns 0
T442C 000:728.985 JLINK_CORESIGHT_ReadAPDPReg(AP reg 0x03)
T442C 000:729.375   Value=0x00000002
T442C 000:729.390 - 0.405ms returns 0
T442C 000:729.404 JLINK_CORESIGHT_ReadAPDPReg(AP reg 0x03)
T442C 000:729.688   Value=0x00000002
T442C 000:729.698 - 0.294ms returns 0
T442C 000:729.707 JLINK_CORESIGHT_ReadAPDPReg(AP reg 0x03)
T442C 000:730.183   Value=0x00000002
T442C 000:730.196 - 0.488ms returns 0
T442C 000:730.207 JLINK_CORESIGHT_ReadAPDPReg(AP reg 0x03)
T442C 000:730.617   Value=0x00000002
T442C 000:730.629 - 0.422ms returns 0
T442C 000:730.640 JLINK_CORESIGHT_ReadAPDPReg(AP reg 0x03)
T442C 000:730.973   Value=0x00000002
T442C 000:730.986 - 0.345ms returns 0
T442C 000:730.997 JLINK_CORESIGHT_ReadAPDPReg(AP reg 0x03)
T442C 000:731.422   Value=0x00000000
T442C 000:731.434 - 0.437ms returns 0
T442C 000:731.448 JLINK_CORESIGHT_WriteAPDPReg(AP reg 0x00, 0x80000002)
T442C 000:731.720 - 0.272ms returns 0
T442C 000:731.738 JLINK_CORESIGHT_WriteAPDPReg(AP reg 0x01, 0x80011130)
T442C 000:731.967 - 0.228ms returns 0
T442C 000:732.544 JLINK_CORESIGHT_ReadAPDPReg(AP reg 0x03)
T442C 000:732.965   Value=0x4F0B0081
T442C 000:732.981 - 0.437ms returns 0
T442C 000:732.988 JLINK_CORESIGHT_WriteAPDPReg(AP reg 0x00, 0x80000002)
T442C 000:733.267 - 0.278ms returns 0
T442C 000:733.280 JLINK_CORESIGHT_WriteAPDPReg(AP reg 0x01, 0x80011140)
T442C 000:733.554 - 0.274ms returns 0
T442C 000:733.569 JLINK_CORESIGHT_ReadAPDPReg(AP reg 0x03)
T442C 000:733.902   Value=0x00000000
T442C 000:733.914 - 0.344ms returns 0
T442C 000:733.921 JLINK_CORESIGHT_WriteAPDPReg(AP reg 0x00, 0x80000002)
T442C 000:734.192 - 0.270ms returns 0
T442C 000:734.205 JLINK_CORESIGHT_WriteAPDPReg(AP reg 0x01, 0x80011130)
T442C 000:734.491 - 0.285ms returns 0
T442C 000:734.503 JLINK_CORESIGHT_ReadAPDPReg(AP reg 0x03)
T442C 000:734.845   Value=0xA0000000
T442C 000:734.857 - 0.353ms returns 0
T442C 000:734.865 JLINK_CORESIGHT_WriteAPDPReg(AP reg 0x00, 0x80000002)
T442C 000:735.284 - 0.418ms returns 0
T442C 000:735.297 JLINK_CORESIGHT_WriteAPDPReg(AP reg 0x01, 0x80011140)
T442C 000:735.546 - 0.248ms returns 0
T442C 000:735.558 JLINK_CORESIGHT_ReadAPDPReg(AP reg 0x03)
T442C 000:735.875   Value=0x00000000
T442C 000:735.911 - 0.352ms returns 0
T442C 000:735.919 JLINK_CORESIGHT_WriteAPDPReg(AP reg 0x00, 0x80000002)
T442C 000:736.186 - 0.266ms returns 0
T442C 000:736.198 JLINK_CORESIGHT_WriteAPDPReg(AP reg 0x01, 0x80011130)
T442C 000:736.471 - 0.272ms returns 0
T442C 000:736.484 JLINK_CORESIGHT_ReadAPDPReg(AP reg 0x03)
T442C 000:736.838   Value=0x00000000
T442C 000:736.850 - 0.366ms returns 0
T442C 000:736.857 JLINK_CORESIGHT_WriteAPDPReg(AP reg 0x00, 0x80000002)
T442C 000:737.270 - 0.412ms returns 0
T442C 000:737.283 JLINK_CORESIGHT_WriteAPDPReg(AP reg 0x01, 0x80011140)
T442C 000:737.546 - 0.263ms returns 0
T442C 000:737.559 JLINK_CORESIGHT_ReadAPDPReg(AP reg 0x03)
T442C 000:737.843   Value=0x00000000
T442C 000:737.852 - 0.293ms returns 0
T442C 000:737.858 JLINK_CORESIGHT_WriteAPDPReg(AP reg 0x00, 0x80000002)
T442C 000:738.108 - 0.250ms returns 0
T442C 000:738.114 JLINK_CORESIGHT_WriteAPDPReg(AP reg 0x01, 0x80011130)
T442C 000:738.341 - 0.226ms returns 0
T442C 000:738.347 JLINK_CORESIGHT_ReadAPDPReg(AP reg 0x03)
T442C 000:738.703   Value=0x03060000
T442C 000:738.710 - 0.362ms returns 0
T442C 000:738.778 JLINK_CORESIGHT_ReadAPDPReg(DP reg 0x01)
T442C 000:739.090   Value=0xF0000F40
T442C 000:739.110 - 0.331ms returns 0
T442C 000:739.121 JLINK_CORESIGHT_WriteAPDPReg(DP reg 0x01, 0xA0000F40)
T442C 000:739.463 - 0.341ms returns 0
T442C 000:739.478 JLINK_CORESIGHT_ReadAPDPReg(DP reg 0x01)
T442C 000:739.784   Value=0x00000F40
T442C 000:739.798 - 0.319ms returns 0
T442C 000:739.806 JLINK_ClrRESET()
T442C 000:740.170 - 0.364ms
T442C 000:848.971 JLINK_Close()
T442C 000:867.517 - 18.544ms
T442C 000:867.548   
T442C 000:867.552   Closed
